#
# There is insufficient memory for the Java Runtime Environment to continue.
# Native memory allocation (malloc) failed to allocate 1048576 bytes. Error detail: AllocateHeap
# Possible reasons:
#   The system is out of physical RAM or swap space
#   This process is running with CompressedOops enabled, and the Java Heap may be blocking the growth of the native heap
# Possible solutions:
#   Reduce memory load on the system
#   Increase physical memory or swap space
#   Check if swap backing store is full
#   Decrease Java heap size (-Xmx/-Xms)
#   Decrease number of Java threads
#   Decrease Java thread stack sizes (-Xss)
#   Set larger code cache with -XX:ReservedCodeCacheSize=
#   JVM is running with Unscaled Compressed Oops mode in which the Java heap is
#     placed in the first 4GB address space. The Java Heap base address is the
#     maximum limit for the native heap growth. Please use -XX:HeapBaseMinAddress
#     to set the Java Heap base and to place the Java Heap above 4GB virtual address.
# This output file may be truncated or incomplete.
#
#  Out of Memory Error (allocation.cpp:44), pid=15836, tid=2996
#
# JRE version: OpenJDK Runtime Environment Temurin-21.0.9+10 (21.0.9+10) (build 21.0.9+10-LTS)
# Java VM: OpenJDK 64-Bit Server VM Temurin-21.0.9+10 (21.0.9+10-LTS, mixed mode, sharing, tiered, compressed oops, compressed class ptrs, parallel gc, windows-amd64)
# No core dump will be written. Minidumps are not enabled by default on client versions of Windows
#

---------------  S U M M A R Y ------------

Command Line: --add-modules=ALL-SYSTEM --add-opens=java.base/java.util=ALL-UNNAMED --add-opens=java.base/java.lang=ALL-UNNAMED --add-opens=java.base/sun.nio.fs=ALL-UNNAMED -Declipse.application=org.eclipse.jdt.ls.core.id1 -Dosgi.bundles.defaultStartLevel=4 -Declipse.product=org.eclipse.jdt.ls.core.product -Djava.import.generatesMetadataFilesAtProjectRoot=false -DDetectVMInstallationsJob.disabled=true -Dfile.encoding=utf8 -XX:+UseParallelGC -XX:GCTimeRatio=4 -XX:AdaptiveSizePolicyWeight=90 -Dsun.zip.disableMemoryMapping=true -Xmx2G -Xms100m -Xlog:disable -javaagent:c:\Users\velos\.vscode\extensions\redhat.java-1.50.0-win32-x64\lombok\lombok-1.18.39-4050.jar -XX:+HeapDumpOnOutOfMemoryError -XX:HeapDumpPath=c:\Users\velos\AppData\Roaming\Code\User\workspaceStorage\f804f3307e7606a2927c419e1c4886b1\redhat.java -Daether.dependencyCollector.impl=bf c:\Users\velos\.vscode\extensions\redhat.java-1.50.0-win32-x64\server\plugins\org.eclipse.equinox.launcher_1.7.100.v20251111-0406.jar -configuration c:\Users\velos\AppData\Roaming\Code\User\globalStorage\redhat.java\1.50.0\config_win -data c:\Users\velos\AppData\Roaming\Code\User\workspaceStorage\f804f3307e7606a2927c419e1c4886b1\redhat.java\jdt_ws --pipe=\\.\pipe\lsp-8123aada3161c628d40f4457a459e290-sock

Host: Intel(R) Core(TM) i5-10300H CPU @ 2.50GHz, 8 cores, 7G,  Windows 11 , 64 bit Build 26100 (10.0.26100.7019)
Time: Wed Dec  3 19:18:45 2025 Malay Peninsula Standard Time elapsed time: 501.839114 seconds (0d 0h 8m 21s)

---------------  T H R E A D  ---------------

Current thread (0x0000023eefa139b0):  JavaThread "Attach Listener" daemon [_thread_in_vm, id=2996, stack(0x0000006bd8500000,0x0000006bd8600000) (1024K)]

Stack: [0x0000006bd8500000,0x0000006bd8600000]
Native frames: (J=compiled Java code, j=interpreted, Vv=VM code, C=native code)
V  [jvm.dll+0x6d6e29]
V  [jvm.dll+0x8b4b76]
V  [jvm.dll+0x8b712e]
V  [jvm.dll+0x8b7813]
V  [jvm.dll+0x283d86]
V  [jvm.dll+0xc1277]
V  [jvm.dll+0x6d76d9]
V  [jvm.dll+0x133466]
V  [jvm.dll+0x3f7ea6]
V  [jvm.dll+0x85e9ad]
V  [jvm.dll+0x6d565d]
C  [ucrtbase.dll+0x37b0]
C  [KERNEL32.DLL+0x2e8d7]
C  [ntdll.dll+0x8c53c]


---------------  P R O C E S S  ---------------

Threads class SMR info:
_java_thread_list=0x0000023efa0a37b0, length=40, elements={
0x0000023ed8f9c000, 0x0000023eefa0c000, 0x0000023eefa0f480, 0x0000023eefa12d60,
0x0000023eefa139b0, 0x0000023eefa16790, 0x0000023eefa171e0, 0x0000023eefa1a420,
0x0000023eefa4a840, 0x0000023ef1472a70, 0x0000023ef15bd3a0, 0x0000023ef1ba7690,
0x0000023ef1d90390, 0x0000023ef1506150, 0x0000023ef176d510, 0x0000023ef13f9e00,
0x0000023ef12f8240, 0x0000023ef1d7a300, 0x0000023ef1d79c70, 0x0000023ef1d78f50,
0x0000023ef1d7a990, 0x0000023ef1d7b6b0, 0x0000023ef7fc01e0, 0x0000023ef7fc1590,
0x0000023ef7fc0f00, 0x0000023ef7fc0870, 0x0000023ef7fc1c20, 0x0000023ef7fc22b0,
0x0000023ef7fc2940, 0x0000023ef7fbf4c0, 0x0000023ef7fc2fd0, 0x0000023ef7fbfb50,
0x0000023ef7fc50a0, 0x0000023ef7fc4380, 0x0000023ef7fc6450, 0x0000023ef7fc3cf0,
0x0000023ef80400b0, 0x0000023ef8040dd0, 0x0000023ef803f390, 0x0000023ef803d950
}

Java Threads: ( => current thread )
  0x0000023ed8f9c000 JavaThread "main"                              [_thread_blocked, id=14832, stack(0x0000006bd7e00000,0x0000006bd7f00000) (1024K)]
  0x0000023eefa0c000 JavaThread "Reference Handler"          daemon [_thread_blocked, id=12316, stack(0x0000006bd8200000,0x0000006bd8300000) (1024K)]
  0x0000023eefa0f480 JavaThread "Finalizer"                  daemon [_thread_blocked, id=13276, stack(0x0000006bd8300000,0x0000006bd8400000) (1024K)]
  0x0000023eefa12d60 JavaThread "Signal Dispatcher"          daemon [_thread_blocked, id=15132, stack(0x0000006bd8400000,0x0000006bd8500000) (1024K)]
=>0x0000023eefa139b0 JavaThread "Attach Listener"            daemon [_thread_in_vm, id=2996, stack(0x0000006bd8500000,0x0000006bd8600000) (1024K)]
  0x0000023eefa16790 JavaThread "Service Thread"             daemon [_thread_blocked, id=15332, stack(0x0000006bd8600000,0x0000006bd8700000) (1024K)]
  0x0000023eefa171e0 JavaThread "Monitor Deflation Thread"   daemon [_thread_blocked, id=16184, stack(0x0000006bd8700000,0x0000006bd8800000) (1024K)]
  0x0000023eefa1a420 JavaThread "C2 CompilerThread0"         daemon [_thread_blocked, id=13400, stack(0x0000006bd8800000,0x0000006bd8900000) (1024K)]
  0x0000023eefa4a840 JavaThread "C1 CompilerThread0"         daemon [_thread_blocked, id=15972, stack(0x0000006bd8900000,0x0000006bd8a00000) (1024K)]
  0x0000023ef1472a70 JavaThread "Common-Cleaner"             daemon [_thread_blocked, id=13412, stack(0x0000006bd8a00000,0x0000006bd8b00000) (1024K)]
  0x0000023ef15bd3a0 JavaThread "Notification Thread"        daemon [_thread_blocked, id=2912, stack(0x0000006bd8b00000,0x0000006bd8c00000) (1024K)]
  0x0000023ef1ba7690 JavaThread "Active Thread: Equinox Container: 173c699b-3e65-4d70-9a18-b796638b68ed"        [_thread_blocked, id=12324, stack(0x0000006bd9400000,0x0000006bd9500000) (1024K)]
  0x0000023ef1d90390 JavaThread "Refresh Thread: Equinox Container: 173c699b-3e65-4d70-9a18-b796638b68ed" daemon [_thread_blocked, id=1988, stack(0x0000006bd8c00000,0x0000006bd8d00000) (1024K)]
  0x0000023ef1506150 JavaThread "Framework Event Dispatcher: Equinox Container: 173c699b-3e65-4d70-9a18-b796638b68ed" daemon [_thread_blocked, id=10988, stack(0x0000006bd9500000,0x0000006bd9600000) (1024K)]
  0x0000023ef176d510 JavaThread "Start Level: Equinox Container: 173c699b-3e65-4d70-9a18-b796638b68ed" daemon [_thread_blocked, id=3032, stack(0x0000006bd9600000,0x0000006bd9700000) (1024K)]
  0x0000023ef13f9e00 JavaThread "Bundle File Closer"         daemon [_thread_blocked, id=4240, stack(0x0000006bd9800000,0x0000006bd9900000) (1024K)]
  0x0000023ef12f8240 JavaThread "SCR Component Actor"        daemon [_thread_blocked, id=3660, stack(0x0000006bd9700000,0x0000006bd9800000) (1024K)]
  0x0000023ef1d7a300 JavaThread "Worker-JM"                         [_thread_blocked, id=7636, stack(0x0000006bd9b00000,0x0000006bd9c00000) (1024K)]
  0x0000023ef1d79c70 JavaThread "JNA Cleaner"                daemon [_thread_blocked, id=15364, stack(0x0000006bd9a00000,0x0000006bd9b00000) (1024K)]
  0x0000023ef1d78f50 JavaThread "Java indexing"              daemon [_thread_blocked, id=9212, stack(0x0000006bd9e00000,0x0000006bd9f00000) (1024K)]
  0x0000023ef1d7a990 JavaThread "Worker-2"                          [_thread_blocked, id=1900, stack(0x0000006bda200000,0x0000006bda300000) (1024K)]
  0x0000023ef1d7b6b0 JavaThread "Worker-4"                          [_thread_blocked, id=3436, stack(0x0000006bda400000,0x0000006bda500000) (1024K)]
  0x0000023ef7fc01e0 JavaThread "Thread-1"                   daemon [_thread_in_native, id=11016, stack(0x0000006bda500000,0x0000006bda600000) (1024K)]
  0x0000023ef7fc1590 JavaThread "Thread-2"                   daemon [_thread_in_native, id=11544, stack(0x0000006bda600000,0x0000006bda700000) (1024K)]
  0x0000023ef7fc0f00 JavaThread "Thread-3"                   daemon [_thread_in_native, id=6668, stack(0x0000006bda700000,0x0000006bda800000) (1024K)]
  0x0000023ef7fc0870 JavaThread "Thread-4"                   daemon [_thread_in_native, id=2672, stack(0x0000006bda800000,0x0000006bda900000) (1024K)]
  0x0000023ef7fc1c20 JavaThread "Thread-5"                   daemon [_thread_in_native, id=2668, stack(0x0000006bda900000,0x0000006bdaa00000) (1024K)]
  0x0000023ef7fc22b0 JavaThread "Thread-6"                   daemon [_thread_in_native, id=2660, stack(0x0000006bdaa00000,0x0000006bdab00000) (1024K)]
  0x0000023ef7fc2940 JavaThread "Thread-7"                   daemon [_thread_in_native, id=14180, stack(0x0000006bdab00000,0x0000006bdac00000) (1024K)]
  0x0000023ef7fbf4c0 JavaThread "Thread-8"                   daemon [_thread_in_native, id=2708, stack(0x0000006bdac00000,0x0000006bdad00000) (1024K)]
  0x0000023ef7fc2fd0 JavaThread "Thread-9"                   daemon [_thread_in_native, id=2096, stack(0x0000006bdad00000,0x0000006bdae00000) (1024K)]
  0x0000023ef7fbfb50 JavaThread "pool-2-thread-1"                   [_thread_blocked, id=2316, stack(0x0000006bdae00000,0x0000006bdaf00000) (1024K)]
  0x0000023ef7fc50a0 JavaThread "WorkspaceEventsHandler"            [_thread_blocked, id=7008, stack(0x0000006bdaf00000,0x0000006bdb000000) (1024K)]
  0x0000023ef7fc4380 JavaThread "pool-1-thread-1"                   [_thread_blocked, id=9544, stack(0x0000006bdb000000,0x0000006bdb100000) (1024K)]
  0x0000023ef7fc6450 JavaThread "ForkJoinPool.commonPool-worker-5" daemon [_thread_blocked, id=1668, stack(0x0000006bdb500000,0x0000006bdb600000) (1024K)]
  0x0000023ef7fc3cf0 JavaThread "ForkJoinPool.commonPool-worker-7" daemon [_thread_blocked, id=2288, stack(0x0000006bdb700000,0x0000006bdb800000) (1024K)]
  0x0000023ef80400b0 JavaThread "Cleaner-0"                  daemon [_thread_blocked, id=14072, stack(0x0000006bdb800000,0x0000006bdb900000) (1024K)]
  0x0000023ef8040dd0 JavaThread "ForkJoinPool.commonPool-worker-8" daemon [_thread_blocked, id=15840, stack(0x0000006bd9900000,0x0000006bd9a00000) (1024K)]
  0x0000023ef803f390 JavaThread "ForkJoinPool.commonPool-worker-9" daemon [_thread_blocked, id=8596, stack(0x0000006bd9c00000,0x0000006bd9d00000) (1024K)]
  0x0000023ef803d950 JavaThread "ForkJoinPool.commonPool-worker-11" daemon [_thread_blocked, id=3184, stack(0x0000006bd9f00000,0x0000006bda000000) (1024K)]
Total: 40

Other Threads:
  0x0000023eef9f25f0 VMThread "VM Thread"                           [id=1740, stack(0x0000006bd8100000,0x0000006bd8200000) (1024K)]
  0x0000023eef92ca00 WatcherThread "VM Periodic Task Thread"        [id=12776, stack(0x0000006bd8000000,0x0000006bd8100000) (1024K)]
  0x0000023ed8fba4a0 WorkerThread "GC Thread#0"                     [id=15928, stack(0x0000006bd7f00000,0x0000006bd8000000) (1024K)]
  0x0000023ef160d6e0 WorkerThread "GC Thread#1"                     [id=5156, stack(0x0000006bd8e00000,0x0000006bd8f00000) (1024K)]
  0x0000023ef160c680 WorkerThread "GC Thread#2"                     [id=1140, stack(0x0000006bd8f00000,0x0000006bd9000000) (1024K)]
  0x0000023ef160ca20 WorkerThread "GC Thread#3"                     [id=9996, stack(0x0000006bd9000000,0x0000006bd9100000) (1024K)]
  0x0000023ef160cdc0 WorkerThread "GC Thread#4"                     [id=10224, stack(0x0000006bd9100000,0x0000006bd9200000) (1024K)]
  0x0000023ef1bacac0 WorkerThread "GC Thread#5"                     [id=9332, stack(0x0000006bd9200000,0x0000006bd9300000) (1024K)]
  0x0000023ef1bace60 WorkerThread "GC Thread#6"                     [id=15568, stack(0x0000006bd9300000,0x0000006bd9400000) (1024K)]
  0x0000023ef1989ec0 WorkerThread "GC Thread#7"                     [id=11884, stack(0x0000006bd8d00000,0x0000006bd8e00000) (1024K)]
Total: 10

Threads with active compile tasks:
Total: 0

VM state: not at safepoint (normal execution)

VM Mutex/Monitor currently owned by a thread: None

Heap address: 0x0000000080000000, size: 2048 MB, Compressed Oops mode: 32-bit

CDS archive(s) mapped at: [0x0000023e80000000-0x0000023e80ba0000-0x0000023e80ba0000), size 12189696, SharedBaseAddress: 0x0000023e80000000, ArchiveRelocationMode: 1.
Compressed class space mapped at: 0x0000023e81000000-0x0000023ec1000000, reserved size: 1073741824
Narrow klass base: 0x0000023e80000000, Narrow klass shift: 0, Narrow klass range: 0x100000000

GC Precious Log:
 CardTable entry size: 512
 CPUs: 8 total, 8 available
 Memory: 8023M
 Large Page Support: Disabled
 NUMA Support: Disabled
 Compressed Oops: Enabled (32-bit)
 Alignments: Space 512K, Generation 512K, Heap 2M
 Heap Min Capacity: 100M
 Heap Initial Capacity: 100M
 Heap Max Capacity: 2G
 Pre-touch: Disabled
 Parallel Workers: 8

Heap:
 PSYoungGen      total 15872K, used 13893K [0x00000000d5580000, 0x00000000d6880000, 0x0000000100000000)
  eden space 15360K, 87% used [0x00000000d5580000,0x00000000d62a9540,0x00000000d6480000)
  from space 512K, 81% used [0x00000000d6800000,0x00000000d6868000,0x00000000d6880000)
  to   space 1536K, 0% used [0x00000000d6580000,0x00000000d6580000,0x00000000d6700000)
 ParOldGen       total 68608K, used 49848K [0x0000000080000000, 0x0000000084300000, 0x00000000d5580000)
  object space 68608K, 72% used [0x0000000080000000,0x00000000830ae0e8,0x0000000084300000)
 Metaspace       used 65473K, committed 67072K, reserved 1114112K
  class space    used 7094K, committed 7808K, reserved 1048576K

Card table byte_map: [0x0000023ed8950000,0x0000023ed8d60000] _byte_map_base: 0x0000023ed8550000

Marking Bits: (ParMarkBitMap*) 0x00007ffd76292460
 Begin Bits: [0x0000023eeb450000, 0x0000023eed450000)
 End Bits:   [0x0000023eed450000, 0x0000023eef450000)

Polling page: 0x0000023ed7080000

Metaspace:

Usage:
  Non-class:     57.01 MB used.
      Class:      6.93 MB used.
       Both:     63.94 MB used.

Virtual space:
  Non-class space:       64.00 MB reserved,      57.88 MB ( 90%) committed,  1 nodes.
      Class space:        1.00 GB reserved,       7.62 MB ( <1%) committed,  1 nodes.
             Both:        1.06 GB reserved,      65.50 MB (  6%) committed. 

Chunk freelists:
   Non-Class:  5.38 MB
       Class:  8.36 MB
        Both:  13.73 MB

MaxMetaspaceSize: unlimited
CompressedClassSpaceSize: 1.00 GB
Initial GC threshold: 21.00 MB
Current GC threshold: 97.31 MB
CDS: on
 - commit_granule_bytes: 65536.
 - commit_granule_words: 8192.
 - virtual_space_node_default_size: 8388608.
 - enlarge_chunks_in_place: 1.
 - use_allocation_guard: 0.


Internal statistics:

num_allocs_failed_limit: 9.
num_arena_births: 1268.
num_arena_deaths: 16.
num_vsnodes_births: 2.
num_vsnodes_deaths: 0.
num_space_committed: 1048.
num_space_uncommitted: 0.
num_chunks_returned_to_freelist: 26.
num_chunks_taken_from_freelist: 4423.
num_chunk_merges: 12.
num_chunk_splits: 2670.
num_chunks_enlarged: 1458.
num_inconsistent_stats: 0.

CodeHeap 'non-profiled nmethods': size=120000Kb used=5869Kb max_used=5869Kb free=114130Kb
 bounds [0x0000023ee3c70000, 0x0000023ee4230000, 0x0000023eeb1a0000]
CodeHeap 'profiled nmethods': size=120000Kb used=18778Kb max_used=18778Kb free=101221Kb
 bounds [0x0000023edc1a0000, 0x0000023edd400000, 0x0000023ee36d0000]
CodeHeap 'non-nmethods': size=5760Kb used=1453Kb max_used=1580Kb free=4306Kb
 bounds [0x0000023ee36d0000, 0x0000023ee3940000, 0x0000023ee3c70000]
CodeCache: size=245760Kb, used=26100Kb, max_used=26227Kb, free=219657Kb
 total_blobs=9344, nmethods=8573, adapters=676, full_count=0
Compilation: enabled, stopped_count=0, restarted_count=0

Compilation events (20 events):
Event: 334.880 Thread 0x0000023eefa1a420 9246       4       java.util.stream.StreamSupport::stream (19 bytes)
Event: 334.881 Thread 0x0000023ef12ea0e0 nmethod 9330% 0x0000023ee4210b90 code [0x0000023ee4210d80, 0x0000023ee4211560]
Event: 334.881 Thread 0x0000023ef12ea0e0 9211  s    4       org.eclipse.jdt.internal.core.JavaModelManager::getInfo (39 bytes)
Event: 334.883 Thread 0x0000023eefa1a420 nmethod 9246 0x0000023ee4211b10 code [0x0000023ee4211ca0, 0x0000023ee4211e78]
Event: 334.883 Thread 0x0000023eefa1a420 9229       4       org.eclipse.jdt.internal.compiler.parser.Parser::pushOnIntStack (54 bytes)
Event: 334.884 Thread 0x0000023eefa1a420 nmethod 9229 0x0000023ee4212010 code [0x0000023ee42121a0, 0x0000023ee42122a0]
Event: 334.884 Thread 0x0000023eefa1a420 9230       4       lombok.eclipse.EclipseNode::calculateIsStructurallySignificant (62 bytes)
Event: 334.886 Thread 0x0000023eefa1a420 nmethod 9230 0x0000023ee4212390 code [0x0000023ee4212520, 0x0000023ee4212640]
Event: 334.886 Thread 0x0000023eefa1a420 9218       4       org.eclipse.osgi.internal.hooks.EclipseLazyStarter::preFindLocalClass (120 bytes)
Event: 334.918 Thread 0x0000023eefa1a420 nmethod 9218 0x0000023ee4212710 code [0x0000023ee4212a60, 0x0000023ee4213d90]
Event: 334.918 Thread 0x0000023eefa1a420 9260       4       org.eclipse.jdt.internal.compiler.classfmt.ClassFileReader::enrichWithExternalAnnotationsFor (2 bytes)
Event: 334.919 Thread 0x0000023ef12ebc20 nmethod 9222 0x0000023ee4214c90 code [0x0000023ee4218be0, 0x0000023ee421f248]
Event: 334.919 Thread 0x0000023eefa1a420 nmethod 9260 0x0000023ee4226c90 code [0x0000023ee4226e20, 0x0000023ee4226ea8]
Event: 334.920 Thread 0x0000023eefa1a420 9302       4       java.lang.System::allowSecurityManager (13 bytes)
Event: 334.921 Thread 0x0000023eefa1a420 nmethod 9302 0x0000023ee4226f90 code [0x0000023ee4227100, 0x0000023ee4227168]
Event: 334.935 Thread 0x0000023ef12ea0e0 nmethod 9211 0x0000023ee4227290 code [0x0000023ee42276a0, 0x0000023ee422a348]
Event: 351.567 Thread 0x0000023eefa4a840 9331       3       java.util.concurrent.Executors$RunnableAdapter::call (14 bytes)
Event: 351.567 Thread 0x0000023eefa4a840 nmethod 9331 0x0000023edd3f5e10 code [0x0000023edd3f5fc0, 0x0000023edd3f61a8]
Event: 399.762 Thread 0x0000023eefa4a840 9332       3       java.util.concurrent.locks.AbstractQueuedSynchronizer$ConditionObject::canReacquire (38 bytes)
Event: 399.763 Thread 0x0000023eefa4a840 nmethod 9332 0x0000023edd3f6290 code [0x0000023edd3f6460, 0x0000023edd3f67a8]

GC Heap History (20 events):
Event: 38.210 GC heap before
{Heap before GC invocations=36 (full 3):
 PSYoungGen      total 22528K, used 22016K [0x00000000d5580000, 0x00000000d6e00000, 0x0000000100000000)
  eden space 22016K, 100% used [0x00000000d5580000,0x00000000d6b00000,0x00000000d6b00000)
  from space 512K, 0% used [0x00000000d6d80000,0x00000000d6d80000,0x00000000d6e00000)
  to   space 1024K, 0% used [0x00000000d6c00000,0x00000000d6c00000,0x00000000d6d00000)
 ParOldGen       total 68608K, used 38732K [0x0000000080000000, 0x0000000084300000, 0x00000000d5580000)
  object space 68608K, 56% used [0x0000000080000000,0x00000000825d3118,0x0000000084300000)
 Metaspace       used 58663K, committed 60032K, reserved 1114112K
  class space    used 6374K, committed 6976K, reserved 1048576K
}
Event: 38.212 GC heap after
{Heap after GC invocations=36 (full 3):
 PSYoungGen      total 23040K, used 1008K [0x00000000d5580000, 0x00000000d6e00000, 0x0000000100000000)
  eden space 22016K, 0% used [0x00000000d5580000,0x00000000d5580000,0x00000000d6b00000)
  from space 1024K, 98% used [0x00000000d6c00000,0x00000000d6cfc0b8,0x00000000d6d00000)
  to   space 1024K, 0% used [0x00000000d6d00000,0x00000000d6d00000,0x00000000d6e00000)
 ParOldGen       total 68608K, used 38740K [0x0000000080000000, 0x0000000084300000, 0x00000000d5580000)
  object space 68608K, 56% used [0x0000000080000000,0x00000000825d5118,0x0000000084300000)
 Metaspace       used 58663K, committed 60032K, reserved 1114112K
  class space    used 6374K, committed 6976K, reserved 1048576K
}
Event: 38.303 GC heap before
{Heap before GC invocations=37 (full 3):
 PSYoungGen      total 23040K, used 23024K [0x00000000d5580000, 0x00000000d6e00000, 0x0000000100000000)
  eden space 22016K, 100% used [0x00000000d5580000,0x00000000d6b00000,0x00000000d6b00000)
  from space 1024K, 98% used [0x00000000d6c00000,0x00000000d6cfc0b8,0x00000000d6d00000)
  to   space 1024K, 0% used [0x00000000d6d00000,0x00000000d6d00000,0x00000000d6e00000)
 ParOldGen       total 68608K, used 38740K [0x0000000080000000, 0x0000000084300000, 0x00000000d5580000)
  object space 68608K, 56% used [0x0000000080000000,0x00000000825d5118,0x0000000084300000)
 Metaspace       used 58751K, committed 60096K, reserved 1114112K
  class space    used 6381K, committed 6976K, reserved 1048576K
}
Event: 38.305 GC heap after
{Heap after GC invocations=37 (full 3):
 PSYoungGen      total 23040K, used 871K [0x00000000d5580000, 0x00000000d6e00000, 0x0000000100000000)
  eden space 22016K, 0% used [0x00000000d5580000,0x00000000d5580000,0x00000000d6b00000)
  from space 1024K, 85% used [0x00000000d6d00000,0x00000000d6dd9f20,0x00000000d6e00000)
  to   space 1024K, 0% used [0x00000000d6c00000,0x00000000d6c00000,0x00000000d6d00000)
 ParOldGen       total 68608K, used 39538K [0x0000000080000000, 0x0000000084300000, 0x00000000d5580000)
  object space 68608K, 57% used [0x0000000080000000,0x000000008269cbe0,0x0000000084300000)
 Metaspace       used 58751K, committed 60096K, reserved 1114112K
  class space    used 6381K, committed 6976K, reserved 1048576K
}
Event: 38.395 GC heap before
{Heap before GC invocations=38 (full 3):
 PSYoungGen      total 23040K, used 22887K [0x00000000d5580000, 0x00000000d6e00000, 0x0000000100000000)
  eden space 22016K, 100% used [0x00000000d5580000,0x00000000d6b00000,0x00000000d6b00000)
  from space 1024K, 85% used [0x00000000d6d00000,0x00000000d6dd9f20,0x00000000d6e00000)
  to   space 1024K, 0% used [0x00000000d6c00000,0x00000000d6c00000,0x00000000d6d00000)
 ParOldGen       total 68608K, used 39538K [0x0000000080000000, 0x0000000084300000, 0x00000000d5580000)
  object space 68608K, 57% used [0x0000000080000000,0x000000008269cbe0,0x0000000084300000)
 Metaspace       used 58918K, committed 60288K, reserved 1114112K
  class space    used 6399K, committed 6976K, reserved 1048576K
}
Event: 38.397 GC heap after
{Heap after GC invocations=38 (full 3):
 PSYoungGen      total 23040K, used 768K [0x00000000d5580000, 0x00000000d6d80000, 0x0000000100000000)
  eden space 22016K, 0% used [0x00000000d5580000,0x00000000d5580000,0x00000000d6b00000)
  from space 1024K, 75% used [0x00000000d6c00000,0x00000000d6cc0020,0x00000000d6d00000)
  to   space 512K, 0% used [0x00000000d6d00000,0x00000000d6d00000,0x00000000d6d80000)
 ParOldGen       total 68608K, used 40306K [0x0000000080000000, 0x0000000084300000, 0x00000000d5580000)
  object space 68608K, 58% used [0x0000000080000000,0x000000008275cb68,0x0000000084300000)
 Metaspace       used 58918K, committed 60288K, reserved 1114112K
  class space    used 6399K, committed 6976K, reserved 1048576K
}
Event: 38.459 GC heap before
{Heap before GC invocations=39 (full 3):
 PSYoungGen      total 23040K, used 22784K [0x00000000d5580000, 0x00000000d6d80000, 0x0000000100000000)
  eden space 22016K, 99% used [0x00000000d5580000,0x00000000d6afffe8,0x00000000d6b00000)
  from space 1024K, 75% used [0x00000000d6c00000,0x00000000d6cc0020,0x00000000d6d00000)
  to   space 512K, 0% used [0x00000000d6d00000,0x00000000d6d00000,0x00000000d6d80000)
 ParOldGen       total 68608K, used 40306K [0x0000000080000000, 0x0000000084300000, 0x00000000d5580000)
  object space 68608K, 58% used [0x0000000080000000,0x000000008275cb68,0x0000000084300000)
 Metaspace       used 59089K, committed 60416K, reserved 1114112K
  class space    used 6411K, committed 6976K, reserved 1048576K
}
Event: 38.461 GC heap after
{Heap after GC invocations=39 (full 3):
 PSYoungGen      total 22528K, used 512K [0x00000000d5580000, 0x00000000d6d80000, 0x0000000100000000)
  eden space 22016K, 0% used [0x00000000d5580000,0x00000000d5580000,0x00000000d6b00000)
  from space 512K, 100% used [0x00000000d6d00000,0x00000000d6d80000,0x00000000d6d80000)
  to   space 1024K, 0% used [0x00000000d6b80000,0x00000000d6b80000,0x00000000d6c80000)
 ParOldGen       total 68608K, used 40740K [0x0000000080000000, 0x0000000084300000, 0x00000000d5580000)
  object space 68608K, 59% used [0x0000000080000000,0x00000000827c92f8,0x0000000084300000)
 Metaspace       used 59089K, committed 60416K, reserved 1114112K
  class space    used 6411K, committed 6976K, reserved 1048576K
}
Event: 38.535 GC heap before
{Heap before GC invocations=40 (full 3):
 PSYoungGen      total 22528K, used 22528K [0x00000000d5580000, 0x00000000d6d80000, 0x0000000100000000)
  eden space 22016K, 100% used [0x00000000d5580000,0x00000000d6b00000,0x00000000d6b00000)
  from space 512K, 100% used [0x00000000d6d00000,0x00000000d6d80000,0x00000000d6d80000)
  to   space 1024K, 0% used [0x00000000d6b80000,0x00000000d6b80000,0x00000000d6c80000)
 ParOldGen       total 68608K, used 40740K [0x0000000080000000, 0x0000000084300000, 0x00000000d5580000)
  object space 68608K, 59% used [0x0000000080000000,0x00000000827c92f8,0x0000000084300000)
 Metaspace       used 59454K, committed 60928K, reserved 1114112K
  class space    used 6440K, committed 7104K, reserved 1048576K
}
Event: 38.537 GC heap after
{Heap after GC invocations=40 (full 3):
 PSYoungGen      total 23040K, used 480K [0x00000000d5580000, 0x00000000d6d80000, 0x0000000100000000)
  eden space 22016K, 0% used [0x00000000d5580000,0x00000000d5580000,0x00000000d6b00000)
  from space 1024K, 46% used [0x00000000d6b80000,0x00000000d6bf8000,0x00000000d6c80000)
  to   space 1024K, 0% used [0x00000000d6c80000,0x00000000d6c80000,0x00000000d6d80000)
 ParOldGen       total 68608K, used 40908K [0x0000000080000000, 0x0000000084300000, 0x00000000d5580000)
  object space 68608K, 59% used [0x0000000080000000,0x00000000827f32f8,0x0000000084300000)
 Metaspace       used 59454K, committed 60928K, reserved 1114112K
  class space    used 6440K, committed 7104K, reserved 1048576K
}
Event: 38.971 GC heap before
{Heap before GC invocations=41 (full 3):
 PSYoungGen      total 23040K, used 22496K [0x00000000d5580000, 0x00000000d6d80000, 0x0000000100000000)
  eden space 22016K, 100% used [0x00000000d5580000,0x00000000d6b00000,0x00000000d6b00000)
  from space 1024K, 46% used [0x00000000d6b80000,0x00000000d6bf8000,0x00000000d6c80000)
  to   space 1024K, 0% used [0x00000000d6c80000,0x00000000d6c80000,0x00000000d6d80000)
 ParOldGen       total 68608K, used 40908K [0x0000000080000000, 0x0000000084300000, 0x00000000d5580000)
  object space 68608K, 59% used [0x0000000080000000,0x00000000827f32f8,0x0000000084300000)
 Metaspace       used 60650K, committed 62144K, reserved 1114112K
  class space    used 6574K, committed 7232K, reserved 1048576K
}
Event: 38.975 GC heap after
{Heap after GC invocations=41 (full 3):
 PSYoungGen      total 20480K, used 1019K [0x00000000d5580000, 0x00000000d7300000, 0x0000000100000000)
  eden space 19456K, 0% used [0x00000000d5580000,0x00000000d5580000,0x00000000d6880000)
  from space 1024K, 99% used [0x00000000d6c80000,0x00000000d6d7edf8,0x00000000d6d80000)
  to   space 4096K, 0% used [0x00000000d6880000,0x00000000d6880000,0x00000000d6c80000)
 ParOldGen       total 68608K, used 43389K [0x0000000080000000, 0x0000000084300000, 0x00000000d5580000)
  object space 68608K, 63% used [0x0000000080000000,0x0000000082a5f5a8,0x0000000084300000)
 Metaspace       used 60650K, committed 62144K, reserved 1114112K
  class space    used 6574K, committed 7232K, reserved 1048576K
}
Event: 39.325 GC heap before
{Heap before GC invocations=42 (full 3):
 PSYoungGen      total 20480K, used 20475K [0x00000000d5580000, 0x00000000d7300000, 0x0000000100000000)
  eden space 19456K, 100% used [0x00000000d5580000,0x00000000d6880000,0x00000000d6880000)
  from space 1024K, 99% used [0x00000000d6c80000,0x00000000d6d7edf8,0x00000000d6d80000)
  to   space 4096K, 0% used [0x00000000d6880000,0x00000000d6880000,0x00000000d6c80000)
 ParOldGen       total 68608K, used 43389K [0x0000000080000000, 0x0000000084300000, 0x00000000d5580000)
  object space 68608K, 63% used [0x0000000080000000,0x0000000082a5f5a8,0x0000000084300000)
 Metaspace       used 62661K, committed 64128K, reserved 1114112K
  class space    used 6785K, committed 7424K, reserved 1048576K
}
Event: 39.330 GC heap after
{Heap after GC invocations=42 (full 3):
 PSYoungGen      total 21504K, used 1843K [0x00000000d5580000, 0x00000000d6d80000, 0x0000000100000000)
  eden space 19456K, 0% used [0x00000000d5580000,0x00000000d5580000,0x00000000d6880000)
  from space 2048K, 89% used [0x00000000d6880000,0x00000000d6a4cc70,0x00000000d6a80000)
  to   space 2560K, 0% used [0x00000000d6b00000,0x00000000d6b00000,0x00000000d6d80000)
 ParOldGen       total 68608K, used 44376K [0x0000000080000000, 0x0000000084300000, 0x00000000d5580000)
  object space 68608K, 64% used [0x0000000080000000,0x0000000082b561c8,0x0000000084300000)
 Metaspace       used 62661K, committed 64128K, reserved 1114112K
  class space    used 6785K, committed 7424K, reserved 1048576K
}
Event: 39.514 GC heap before
{Heap before GC invocations=43 (full 3):
 PSYoungGen      total 21504K, used 21072K [0x00000000d5580000, 0x00000000d6d80000, 0x0000000100000000)
  eden space 19456K, 98% used [0x00000000d5580000,0x00000000d6847710,0x00000000d6880000)
  from space 2048K, 89% used [0x00000000d6880000,0x00000000d6a4cc70,0x00000000d6a80000)
  to   space 2560K, 0% used [0x00000000d6b00000,0x00000000d6b00000,0x00000000d6d80000)
 ParOldGen       total 68608K, used 44376K [0x0000000080000000, 0x0000000084300000, 0x00000000d5580000)
  object space 68608K, 64% used [0x0000000080000000,0x0000000082b561c8,0x0000000084300000)
 Metaspace       used 63172K, committed 64704K, reserved 1114112K
  class space    used 6815K, committed 7488K, reserved 1048576K
}
Event: 39.518 GC heap after
{Heap after GC invocations=43 (full 3):
 PSYoungGen      total 17920K, used 2558K [0x00000000d5580000, 0x00000000d7580000, 0x0000000100000000)
  eden space 15360K, 0% used [0x00000000d5580000,0x00000000d5580000,0x00000000d6480000)
  from space 2560K, 99% used [0x00000000d6b00000,0x00000000d6d7f8f8,0x00000000d6d80000)
  to   space 6656K, 0% used [0x00000000d6480000,0x00000000d6480000,0x00000000d6b00000)
 ParOldGen       total 68608K, used 47404K [0x0000000080000000, 0x0000000084300000, 0x00000000d5580000)
  object space 68608K, 69% used [0x0000000080000000,0x0000000082e4b0b0,0x0000000084300000)
 Metaspace       used 63172K, committed 64704K, reserved 1114112K
  class space    used 6815K, committed 7488K, reserved 1048576K
}
Event: 39.715 GC heap before
{Heap before GC invocations=44 (full 3):
 PSYoungGen      total 17920K, used 17918K [0x00000000d5580000, 0x00000000d7580000, 0x0000000100000000)
  eden space 15360K, 100% used [0x00000000d5580000,0x00000000d6480000,0x00000000d6480000)
  from space 2560K, 99% used [0x00000000d6b00000,0x00000000d6d7f8f8,0x00000000d6d80000)
  to   space 6656K, 0% used [0x00000000d6480000,0x00000000d6480000,0x00000000d6b00000)
 ParOldGen       total 68608K, used 47404K [0x0000000080000000, 0x0000000084300000, 0x00000000d5580000)
  object space 68608K, 69% used [0x0000000080000000,0x0000000082e4b0b0,0x0000000084300000)
 Metaspace       used 63914K, committed 65408K, reserved 1114112K
  class space    used 6888K, committed 7552K, reserved 1048576K
}
Event: 39.719 GC heap after
{Heap after GC invocations=44 (full 3):
 PSYoungGen      total 17920K, used 2249K [0x00000000d5580000, 0x00000000d6b80000, 0x0000000100000000)
  eden space 15360K, 0% used [0x00000000d5580000,0x00000000d5580000,0x00000000d6480000)
  from space 2560K, 87% used [0x00000000d6480000,0x00000000d66b24e8,0x00000000d6700000)
  to   space 3584K, 0% used [0x00000000d6800000,0x00000000d6800000,0x00000000d6b80000)
 ParOldGen       total 68608K, used 47822K [0x0000000080000000, 0x0000000084300000, 0x00000000d5580000)
  object space 68608K, 69% used [0x0000000080000000,0x0000000082eb3ae8,0x0000000084300000)
 Metaspace       used 63914K, committed 65408K, reserved 1114112K
  class space    used 6888K, committed 7552K, reserved 1048576K
}
Event: 39.946 GC heap before
{Heap before GC invocations=45 (full 3):
 PSYoungGen      total 17920K, used 17609K [0x00000000d5580000, 0x00000000d6b80000, 0x0000000100000000)
  eden space 15360K, 100% used [0x00000000d5580000,0x00000000d6480000,0x00000000d6480000)
  from space 2560K, 87% used [0x00000000d6480000,0x00000000d66b24e8,0x00000000d6700000)
  to   space 3584K, 0% used [0x00000000d6800000,0x00000000d6800000,0x00000000d6b80000)
 ParOldGen       total 68608K, used 47822K [0x0000000080000000, 0x0000000084300000, 0x00000000d5580000)
  object space 68608K, 69% used [0x0000000080000000,0x0000000082eb3ae8,0x0000000084300000)
 Metaspace       used 65048K, committed 66624K, reserved 1114112K
  class space    used 7034K, committed 7744K, reserved 1048576K
}
Event: 39.949 GC heap after
{Heap after GC invocations=45 (full 3):
 PSYoungGen      total 15872K, used 416K [0x00000000d5580000, 0x00000000d6880000, 0x0000000100000000)
  eden space 15360K, 0% used [0x00000000d5580000,0x00000000d5580000,0x00000000d6480000)
  from space 512K, 81% used [0x00000000d6800000,0x00000000d6868000,0x00000000d6880000)
  to   space 1536K, 0% used [0x00000000d6580000,0x00000000d6580000,0x00000000d6700000)
 ParOldGen       total 68608K, used 49848K [0x0000000080000000, 0x0000000084300000, 0x00000000d5580000)
  object space 68608K, 72% used [0x0000000080000000,0x00000000830ae0e8,0x0000000084300000)
 Metaspace       used 65048K, committed 66624K, reserved 1114112K
  class space    used 7034K, committed 7744K, reserved 1048576K
}

Dll operation events (10 events):
Event: 0.022 Loaded shared library c:\Users\velos\.vscode\extensions\redhat.java-1.50.0-win32-x64\jre\21.0.9-win32-x86_64\bin\java.dll
Event: 0.248 Loaded shared library c:\Users\velos\.vscode\extensions\redhat.java-1.50.0-win32-x64\jre\21.0.9-win32-x86_64\bin\zip.dll
Event: 0.359 Loaded shared library C:\Users\velos\.vscode\extensions\redhat.java-1.50.0-win32-x64\jre\21.0.9-win32-x86_64\bin\instrument.dll
Event: 0.368 Loaded shared library C:\Users\velos\.vscode\extensions\redhat.java-1.50.0-win32-x64\jre\21.0.9-win32-x86_64\bin\net.dll
Event: 0.372 Loaded shared library C:\Users\velos\.vscode\extensions\redhat.java-1.50.0-win32-x64\jre\21.0.9-win32-x86_64\bin\nio.dll
Event: 0.379 Loaded shared library C:\Users\velos\.vscode\extensions\redhat.java-1.50.0-win32-x64\jre\21.0.9-win32-x86_64\bin\zip.dll
Event: 0.456 Loaded shared library C:\Users\velos\.vscode\extensions\redhat.java-1.50.0-win32-x64\jre\21.0.9-win32-x86_64\bin\jimage.dll
Event: 0.827 Loaded shared library c:\Users\velos\.vscode\extensions\redhat.java-1.50.0-win32-x64\jre\21.0.9-win32-x86_64\bin\verify.dll
Event: 10.880 Loaded shared library C:\Users\velos\AppData\Roaming\Code\User\globalStorage\redhat.java\1.50.0\config_win\org.eclipse.equinox.launcher\org.eclipse.equinox.launcher.win32.win32.x86_64_1.2.1400.v20250801-0854\eclipse_11916.dll
Event: 29.126 Loaded shared library C:\Users\velos\AppData\Local\Temp\jna-112091713\jna2905681900193441117.dll

Deoptimization events (20 events):
Event: 334.646 Thread 0x0000023ef7fc4a10 Uncommon trap: trap_request=0xffffffde fr.pc=0x0000023ee41cdb4c relative=0x000000000000036c
Event: 334.646 Thread 0x0000023ef7fc4a10 Uncommon trap: reason=class_check action=maybe_recompile pc=0x0000023ee41cdb4c method=org.eclipse.jdt.internal.compiler.parser.Scanner.getNextToken()Lorg/eclipse/jdt/internal/compiler/parser/TerminalToken; @ 52 c2
Event: 334.646 Thread 0x0000023ef7fc4a10 DEOPT PACKING pc=0x0000023ee41cdb4c sp=0x0000006bdb4fe480
Event: 334.646 Thread 0x0000023ef7fc4a10 DEOPT UNPACKING pc=0x0000023ee3723aa2 sp=0x0000006bdb4fe420 mode 2
Event: 334.647 Thread 0x0000023ef7fc4a10 Uncommon trap: trap_request=0xffffffde fr.pc=0x0000023ee41cdb4c relative=0x000000000000036c
Event: 334.647 Thread 0x0000023ef7fc4a10 Uncommon trap: reason=class_check action=maybe_recompile pc=0x0000023ee41cdb4c method=org.eclipse.jdt.internal.compiler.parser.Scanner.getNextToken()Lorg/eclipse/jdt/internal/compiler/parser/TerminalToken; @ 52 c2
Event: 334.647 Thread 0x0000023ef7fc4a10 DEOPT PACKING pc=0x0000023ee41cdb4c sp=0x0000006bdb4fe480
Event: 334.647 Thread 0x0000023ef7fc4a10 DEOPT UNPACKING pc=0x0000023ee3723aa2 sp=0x0000006bdb4fe420 mode 2
Event: 334.648 Thread 0x0000023ef7fc4a10 Uncommon trap: trap_request=0xffffffde fr.pc=0x0000023ee41cdb4c relative=0x000000000000036c
Event: 334.648 Thread 0x0000023ef7fc4a10 Uncommon trap: reason=class_check action=maybe_recompile pc=0x0000023ee41cdb4c method=org.eclipse.jdt.internal.compiler.parser.Scanner.getNextToken()Lorg/eclipse/jdt/internal/compiler/parser/TerminalToken; @ 52 c2
Event: 334.648 Thread 0x0000023ef7fc4a10 DEOPT PACKING pc=0x0000023ee41cdb4c sp=0x0000006bdb4fe480
Event: 334.648 Thread 0x0000023ef7fc4a10 DEOPT UNPACKING pc=0x0000023ee3723aa2 sp=0x0000006bdb4fe420 mode 2
Event: 334.648 Thread 0x0000023ef7fc4a10 Uncommon trap: trap_request=0xffffffde fr.pc=0x0000023ee41cdb4c relative=0x000000000000036c
Event: 334.648 Thread 0x0000023ef7fc4a10 Uncommon trap: reason=class_check action=maybe_recompile pc=0x0000023ee41cdb4c method=org.eclipse.jdt.internal.compiler.parser.Scanner.getNextToken()Lorg/eclipse/jdt/internal/compiler/parser/TerminalToken; @ 52 c2
Event: 334.648 Thread 0x0000023ef7fc4a10 DEOPT PACKING pc=0x0000023ee41cdb4c sp=0x0000006bdb4fe480
Event: 334.648 Thread 0x0000023ef7fc4a10 DEOPT UNPACKING pc=0x0000023ee3723aa2 sp=0x0000006bdb4fe420 mode 2
Event: 334.775 Thread 0x0000023ef7fc6450 Uncommon trap: trap_request=0xffffff45 fr.pc=0x0000023ee4089770 relative=0x0000000000000470
Event: 334.775 Thread 0x0000023ef7fc6450 Uncommon trap: reason=unstable_if action=reinterpret pc=0x0000023ee4089770 method=org.eclipse.jdt.internal.compiler.util.HashtableOfObject.putUnsafely([CLjava/lang/Object;)V @ 70 c2
Event: 334.775 Thread 0x0000023ef7fc6450 DEOPT PACKING pc=0x0000023ee4089770 sp=0x0000006bdb5fecf0
Event: 334.775 Thread 0x0000023ef7fc6450 DEOPT UNPACKING pc=0x0000023ee3723aa2 sp=0x0000006bdb5fec98 mode 2

Classes loaded (20 events):
Event: 36.870 Loading class java/util/WeakHashMap$KeyIterator
Event: 36.871 Loading class java/util/WeakHashMap$KeyIterator done
Event: 36.966 Loading class java/util/Hashtable$KeySet
Event: 36.966 Loading class java/util/Hashtable$KeySet done
Event: 37.382 Loading class java/lang/UnsupportedClassVersionError
Event: 37.383 Loading class java/lang/UnsupportedClassVersionError done
Event: 38.366 Loading class java/lang/invoke/MethodHandleImpl$CountingWrapper$1
Event: 38.366 Loading class java/lang/invoke/MethodHandleImpl$CountingWrapper$1 done
Event: 38.423 Loading class java/util/AbstractList$RandomAccessSubList
Event: 38.424 Loading class java/util/AbstractList$SubList
Event: 38.424 Loading class java/util/AbstractList$SubList done
Event: 38.424 Loading class java/util/AbstractList$RandomAccessSubList done
Event: 38.424 Loading class java/util/AbstractList$SubList$1
Event: 38.424 Loading class java/util/AbstractList$SubList$1 done
Event: 38.576 Loading class java/util/stream/ReduceOps$4
Event: 38.577 Loading class java/util/stream/ReduceOps$4 done
Event: 38.577 Loading class java/util/stream/ReduceOps$4ReducingSink
Event: 38.577 Loading class java/util/stream/ReduceOps$4ReducingSink done
Event: 39.573 Loading class jdk/internal/ref/CleanerImpl$InnocuousThreadFactory
Event: 39.574 Loading class jdk/internal/ref/CleanerImpl$InnocuousThreadFactory done

Classes unloaded (8 events):
Event: 29.876 Thread 0x0000023eef9f25f0 Unloading class 0x0000023e811a9400 'java/lang/invoke/LambdaForm$MH+0x0000023e811a9400'
Event: 29.876 Thread 0x0000023eef9f25f0 Unloading class 0x0000023e811a9000 'java/lang/invoke/LambdaForm$MH+0x0000023e811a9000'
Event: 29.876 Thread 0x0000023eef9f25f0 Unloading class 0x0000023e811a8c00 'java/lang/invoke/LambdaForm$MH+0x0000023e811a8c00'
Event: 29.876 Thread 0x0000023eef9f25f0 Unloading class 0x0000023e811a8800 'java/lang/invoke/LambdaForm$MH+0x0000023e811a8800'
Event: 29.876 Thread 0x0000023eef9f25f0 Unloading class 0x0000023e811a8400 'java/lang/invoke/LambdaForm$BMH+0x0000023e811a8400'
Event: 29.876 Thread 0x0000023eef9f25f0 Unloading class 0x0000023e811a8000 'java/lang/invoke/LambdaForm$DMH+0x0000023e811a8000'
Event: 29.876 Thread 0x0000023eef9f25f0 Unloading class 0x0000023e811a6c00 'java/lang/invoke/LambdaForm$DMH+0x0000023e811a6c00'
Event: 37.914 Thread 0x0000023eef9f25f0 Unloading class 0x0000023e816ac400 'java/lang/invoke/LambdaForm$DMH+0x0000023e816ac400'

Classes redefined (0 events):
No events

Internal exceptions (20 events):
Event: 38.438 Thread 0x0000023ef7fc4a10 Exception <a 'sun/nio/fs/WindowsException'{0x00000000d635f320}> (0x00000000d635f320) 
thrown [s\src\hotspot\share\prims\jni.cpp, line 520]
Event: 38.438 Thread 0x0000023ef7fc4a10 Exception <a 'sun/nio/fs/WindowsException'{0x00000000d635fc00}> (0x00000000d635fc00) 
thrown [s\src\hotspot\share\prims\jni.cpp, line 520]
Event: 38.456 Thread 0x0000023ef7fc4a10 Exception <a 'sun/nio/fs/WindowsException'{0x00000000d698bc48}> (0x00000000d698bc48) 
thrown [s\src\hotspot\share\prims\jni.cpp, line 520]
Event: 38.456 Thread 0x0000023ef7fc4a10 Exception <a 'sun/nio/fs/WindowsException'{0x00000000d698c528}> (0x00000000d698c528) 
thrown [s\src\hotspot\share\prims\jni.cpp, line 520]
Event: 38.519 Thread 0x0000023ef1d7b6b0 Exception <a 'java/lang/NoSuchMethodError'{0x00000000d69f6258}: 'java.lang.Object java.lang.invoke.DirectMethodHandle$Holder.invokeStatic(java.lang.Object, java.lang.Object, int, java.lang.Object)'> (0x00000000d69f6258) 
thrown [s\src\hotspot\share\interpreter\linkResolver.cpp, line 773]
Event: 38.520 Thread 0x0000023ef1d7b6b0 Exception <a 'java/lang/NoSuchMethodError'{0x00000000d69fcbb0}: 'java.lang.Object java.lang.invoke.DirectMethodHandle$Holder.newInvokeSpecial(java.lang.Object, java.lang.Object, int)'> (0x00000000d69fcbb0) 
thrown [s\src\hotspot\share\interpreter\linkResolver.cpp, line 773]
Event: 38.600 Thread 0x0000023ef1d7a990 Exception <a 'java/lang/NoSuchMethodError'{0x00000000d58e1bb8}: 'int java.lang.invoke.DirectMethodHandle$Holder.invokeSpecialIFC(java.lang.Object, java.lang.Object, java.lang.Object)'> (0x00000000d58e1bb8) 
thrown [s\src\hotspot\share\interpreter\linkResolver.cpp, line 773]
Event: 38.600 Thread 0x0000023ef7fc5dc0 Exception <a 'java/lang/NoSuchMethodError'{0x00000000d590d6b8}: 'int java.lang.invoke.DirectMethodHandle$Holder.invokeSpecialIFC(java.lang.Object, java.lang.Object, java.lang.Object)'> (0x00000000d590d6b8) 
thrown [s\src\hotspot\share\interpreter\linkResolver.cpp, line 773]
Event: 38.624 Thread 0x0000023ef7fc5dc0 Exception <a 'java/lang/LinkageError'{0x00000000d5a08548}: loader lombok.launch.ShadowClassLoader @4530f7f8 attempted duplicate class definition for lombok.launch.PatchFixesHider$Delegate. (lombok.launch.PatchFixesHider$Delegate is in unnamed module of loader lombok.launch.ShadowClassLoader @4530f7f8, parent loader org.eclipse.osgi.internal.loader.EquinoxClassLoader @5e52dd90)> (0x00000000d5a08548) 
thrown [s\src\hotspot\share\classfile\systemDictionary.cpp, line 1682]
Event: 38.782 Thread 0x0000023ef7fc5dc0 Exception <a 'java/lang/LinkageError'{0x00000000d6015688}: loader lombok.launch.ShadowClassLoader @4530f7f8 attempted duplicate class definition for lombok.launch.PatchFixesHider$ExtensionMethod. (lombok.launch.PatchFixesHider$ExtensionMethod is in unnamed module of loader lombok.launch.ShadowClassLoader @4530f7f8, parent loader org.eclipse.osgi.internal.loader.EquinoxClassLoader @5e52dd90)> (0x00000000d6015688) 
thrown [s\src\hotspot\share\classfile\systemDictionary.cpp, line 1682]
Event: 38.803 Thread 0x0000023ef7fc5dc0 Exception <a 'java/lang/LinkageError'{0x00000000d60e01f0}: loader lombok.launch.ShadowClassLoader @4530f7f8 attempted duplicate class definition for lombok.launch.PatchFixesHider$Val. (lombok.launch.PatchFixesHider$Val is in unnamed module of loader lombok.launch.ShadowClassLoader @4530f7f8, parent loader org.eclipse.osgi.internal.loader.EquinoxClassLoader @5e52dd90)> (0x00000000d60e01f0) 
thrown [s\src\hotspot\share\classfile\systemDictionary.cpp, line 1682]
Event: 38.982 Thread 0x0000023ef7fc5dc0 Exception <a 'java/lang/NoSuchMethodError'{0x00000000d559aaa8}: 'java.lang.Object java.lang.invoke.DirectMethodHandle$Holder.invokeStatic(java.lang.Object, java.lang.Object, int, java.lang.Object, java.lang.Object)'> (0x00000000d559aaa8) 
thrown [s\src\hotspot\share\interpreter\linkResolver.cpp, line 773]
Event: 38.982 Thread 0x0000023ef1d7a990 Exception <a 'java/lang/NoSuchMethodError'{0x00000000d55bf6d8}: 'java.lang.Object java.lang.invoke.DirectMethodHandle$Holder.invokeStatic(java.lang.Object, java.lang.Object, int, java.lang.Object, java.lang.Object)'> (0x00000000d55bf6d8) 
thrown [s\src\hotspot\share\interpreter\linkResolver.cpp, line 773]
Event: 39.143 Thread 0x0000023ef1d7a990 Exception <a 'java/io/FileNotFoundException'{0x00000000d5ca36e0}> (0x00000000d5ca36e0) 
thrown [s\src\hotspot\share\prims\jni.cpp, line 520]
Event: 39.143 Thread 0x0000023ef1d7a990 Exception <a 'java/io/FileNotFoundException'{0x00000000d5ca47c8}> (0x00000000d5ca47c8) 
thrown [s\src\hotspot\share\prims\jni.cpp, line 520]
Event: 39.143 Thread 0x0000023ef1d7a990 Exception <a 'java/io/FileNotFoundException'{0x00000000d5ca5530}> (0x00000000d5ca5530) 
thrown [s\src\hotspot\share\prims\jni.cpp, line 520]
Event: 39.176 Thread 0x0000023ef7fc6ae0 Exception <a 'java/lang/ArrayIndexOutOfBoundsException'{0x00000000d5f46968}> (0x00000000d5f46968) 
thrown [s\src\hotspot\share\runtime\sharedRuntime.cpp, line 625]
Event: 39.803 Thread 0x0000023ef7fc5dc0 Exception <a 'java/lang/NoSuchMethodError'{0x00000000d5cff680}: 'void java.lang.invoke.DirectMethodHandle$Holder.invokeSpecial(java.lang.Object, java.lang.Object, int)'> (0x00000000d5cff680) 
thrown [s\src\hotspot\share\interpreter\linkResolver.cpp, line 773]
Event: 39.901 Thread 0x0000023ef7fc5dc0 Exception <a 'java/lang/NoSuchMethodError'{0x00000000d61e1a18}: 'int java.lang.invoke.DirectMethodHandle$Holder.invokeVirtual(java.lang.Object, java.lang.Object, java.lang.Object, int)'> (0x00000000d61e1a18) 
thrown [s\src\hotspot\share\interpreter\linkResolver.cpp, line 773]
Event: 334.559 Thread 0x0000023ef7fc4380 Exception <a 'java/lang/IncompatibleClassChangeError'{0x00000000d5691760}: Found class java.lang.Object, but interface was expected> (0x00000000d5691760) 
thrown [s\src\hotspot\share\interpreter\linkResolver.cpp, line 840]

ZGC Phase Switch (0 events):
No events

VM Operations (20 events):
Event: 334.638 Executing VM operation: HandshakeAllThreads (Deoptimize)
Event: 334.638 Executing VM operation: HandshakeAllThreads (Deoptimize) done
Event: 334.642 Executing VM operation: HandshakeAllThreads (Deoptimize)
Event: 334.642 Executing VM operation: HandshakeAllThreads (Deoptimize) done
Event: 334.645 Executing VM operation: HandshakeAllThreads (Deoptimize)
Event: 334.645 Executing VM operation: HandshakeAllThreads (Deoptimize) done
Event: 335.653 Executing VM operation: Cleanup
Event: 335.653 Executing VM operation: Cleanup done
Event: 360.889 Executing VM operation: HandshakeAllThreads (HandshakeForDeflation)
Event: 360.889 Executing VM operation: HandshakeAllThreads (HandshakeForDeflation) done
Event: 360.889 Executing VM operation: RendezvousGCThreads
Event: 360.889 Executing VM operation: RendezvousGCThreads done
Event: 361.899 Executing VM operation: Cleanup
Event: 361.899 Executing VM operation: Cleanup done
Event: 363.903 Executing VM operation: Cleanup
Event: 363.903 Executing VM operation: Cleanup done
Event: 481.205 Executing VM operation: HandshakeAllThreads (HandshakeForDeflation)
Event: 481.205 Executing VM operation: HandshakeAllThreads (HandshakeForDeflation) done
Event: 481.205 Executing VM operation: RendezvousGCThreads
Event: 481.205 Executing VM operation: RendezvousGCThreads done

Memory protections (0 events):
No events

Nmethod flushes (20 events):
Event: 37.941 Thread 0x0000023eef9f25f0 flushing  nmethod 0x0000023edc9b6610
Event: 37.941 Thread 0x0000023eef9f25f0 flushing  nmethod 0x0000023edc9b6c10
Event: 37.941 Thread 0x0000023eef9f25f0 flushing  nmethod 0x0000023edc9b9a90
Event: 37.941 Thread 0x0000023eef9f25f0 flushing  nmethod 0x0000023edc9c6910
Event: 37.941 Thread 0x0000023eef9f25f0 flushing  nmethod 0x0000023edc9c8210
Event: 37.941 Thread 0x0000023eef9f25f0 flushing  nmethod 0x0000023edc9c8810
Event: 37.941 Thread 0x0000023eef9f25f0 flushing  nmethod 0x0000023edc9cc090
Event: 37.941 Thread 0x0000023eef9f25f0 flushing  nmethod 0x0000023edc9ccb90
Event: 37.941 Thread 0x0000023eef9f25f0 flushing  nmethod 0x0000023edc9cd510
Event: 37.941 Thread 0x0000023eef9f25f0 flushing  nmethod 0x0000023edc9cfe10
Event: 37.941 Thread 0x0000023eef9f25f0 flushing  nmethod 0x0000023edc9e1810
Event: 37.941 Thread 0x0000023eef9f25f0 flushing  nmethod 0x0000023edc9e5d10
Event: 37.941 Thread 0x0000023eef9f25f0 flushing  nmethod 0x0000023edc9f7810
Event: 37.941 Thread 0x0000023eef9f25f0 flushing  nmethod 0x0000023edc9fe390
Event: 37.941 Thread 0x0000023eef9f25f0 flushing  nmethod 0x0000023edca6cf90
Event: 37.941 Thread 0x0000023eef9f25f0 flushing  nmethod 0x0000023edca7bc10
Event: 37.941 Thread 0x0000023eef9f25f0 flushing  nmethod 0x0000023edca7d490
Event: 37.941 Thread 0x0000023eef9f25f0 flushing  nmethod 0x0000023edca7dc10
Event: 37.941 Thread 0x0000023eef9f25f0 flushing  nmethod 0x0000023edca7df90
Event: 37.941 Thread 0x0000023eef9f25f0 flushing  nmethod 0x0000023edca85490

Events (20 events):
Event: 39.574 Thread 0x0000023ef7fc5730 Thread added: 0x0000023ef80400b0
Event: 42.051 Thread 0x0000023ef12e9a10 Thread exited: 0x0000023ef12e9a10
Event: 42.051 Thread 0x0000023ef12ec2f0 Thread exited: 0x0000023ef12ec2f0
Event: 98.419 Thread 0x0000023ef1d7b020 Thread exited: 0x0000023ef1d7b020
Event: 98.431 Thread 0x0000023ef1d7bd40 Thread exited: 0x0000023ef1d7bd40
Event: 98.434 Thread 0x0000023ef1d788c0 Thread exited: 0x0000023ef1d788c0
Event: 99.979 Thread 0x0000023ef7fc5dc0 Thread exited: 0x0000023ef7fc5dc0
Event: 159.987 Thread 0x0000023ef7fc3660 Thread exited: 0x0000023ef7fc3660
Event: 219.988 Thread 0x0000023ef7fc5730 Thread exited: 0x0000023ef7fc5730
Event: 279.991 Thread 0x0000023ef7fc6ae0 Thread exited: 0x0000023ef7fc6ae0
Event: 334.651 Thread 0x0000023eefa4a840 Thread added: 0x0000023ef12ea0e0
Event: 334.651 Thread 0x0000023eefa4a840 Thread added: 0x0000023ef12ebc20
Event: 334.728 Thread 0x0000023ef7fc4a10 Thread added: 0x0000023ef8040dd0
Event: 334.729 Thread 0x0000023ef7fc6450 Thread added: 0x0000023ef803f390
Event: 334.729 Thread 0x0000023ef7fc4a10 Thread added: 0x0000023ef8040740
Event: 334.729 Thread 0x0000023ef8040dd0 Thread added: 0x0000023ef803d950
Event: 339.933 Thread 0x0000023ef12ebc20 Thread exited: 0x0000023ef12ebc20
Event: 339.942 Thread 0x0000023ef12ea0e0 Thread exited: 0x0000023ef12ea0e0
Event: 394.851 Thread 0x0000023ef7fc4a10 Thread exited: 0x0000023ef7fc4a10
Event: 454.852 Thread 0x0000023ef8040740 Thread exited: 0x0000023ef8040740


Dynamic libraries:
0x00007ff77a7f0000 - 0x00007ff77a7fe000 	c:\Users\velos\.vscode\extensions\redhat.java-1.50.0-win32-x64\jre\21.0.9-win32-x86_64\bin\java.exe
0x00007ffdfa4e0000 - 0x00007ffdfa748000 	C:\WINDOWS\SYSTEM32\ntdll.dll
0x00007ffdf8b20000 - 0x00007ffdf8be9000 	C:\WINDOWS\System32\KERNEL32.DLL
0x00007ffdf7770000 - 0x00007ffdf7b68000 	C:\WINDOWS\System32\KERNELBASE.dll
0x00007ffdf8080000 - 0x00007ffdf81cb000 	C:\WINDOWS\System32\ucrtbase.dll
0x00007ffdd3f80000 - 0x00007ffdd3f98000 	c:\Users\velos\.vscode\extensions\redhat.java-1.50.0-win32-x64\jre\21.0.9-win32-x86_64\bin\jli.dll
0x00007ffdf8380000 - 0x00007ffdf8547000 	C:\WINDOWS\System32\USER32.dll
0x00007ffdf7ca0000 - 0x00007ffdf7cc7000 	C:\WINDOWS\System32\win32u.dll
0x00007ffde0f30000 - 0x00007ffde0f4e000 	c:\Users\velos\.vscode\extensions\redhat.java-1.50.0-win32-x64\jre\21.0.9-win32-x86_64\bin\VCRUNTIME140.dll
0x00007ffdf9aa0000 - 0x00007ffdf9acb000 	C:\WINDOWS\System32\GDI32.dll
0x00007ffdf7b70000 - 0x00007ffdf7c9c000 	C:\WINDOWS\System32\gdi32full.dll
0x00007ffde19e0000 - 0x00007ffde1c74000 	C:\WINDOWS\WinSxS\amd64_microsoft.windows.common-controls_6595b64144ccf1df_6.0.26100.7019_none_3e06ffa0e335b8a8\COMCTL32.dll
0x00007ffdf81d0000 - 0x00007ffdf8273000 	C:\WINDOWS\System32\msvcp_win.dll
0x00007ffdf9b50000 - 0x00007ffdf9bf9000 	C:\WINDOWS\System32\msvcrt.dll
0x00007ffdf8ae0000 - 0x00007ffdf8b11000 	C:\WINDOWS\System32\IMM32.DLL
0x00007ffdf41f0000 - 0x00007ffdf41fc000 	c:\Users\velos\.vscode\extensions\redhat.java-1.50.0-win32-x64\jre\21.0.9-win32-x86_64\bin\vcruntime140_1.dll
0x00007ffda2c30000 - 0x00007ffda2cbd000 	c:\Users\velos\.vscode\extensions\redhat.java-1.50.0-win32-x64\jre\21.0.9-win32-x86_64\bin\msvcp140.dll
0x00007ffd755d0000 - 0x00007ffd76370000 	c:\Users\velos\.vscode\extensions\redhat.java-1.50.0-win32-x64\jre\21.0.9-win32-x86_64\bin\server\jvm.dll
0x00007ffdf8a20000 - 0x00007ffdf8ad4000 	C:\WINDOWS\System32\ADVAPI32.dll
0x00007ffdf88d0000 - 0x00007ffdf8976000 	C:\WINDOWS\System32\sechost.dll
0x00007ffdf9980000 - 0x00007ffdf9a98000 	C:\WINDOWS\System32\RPCRT4.dll
0x00007ffdfa420000 - 0x00007ffdfa494000 	C:\WINDOWS\System32\WS2_32.dll
0x00007ffdf7490000 - 0x00007ffdf74ee000 	C:\WINDOWS\SYSTEM32\POWRPROF.dll
0x00007ffde6b10000 - 0x00007ffde6b45000 	C:\WINDOWS\SYSTEM32\WINMM.dll
0x00007ffdee4e0000 - 0x00007ffdee4eb000 	C:\WINDOWS\SYSTEM32\VERSION.dll
0x00007ffdf7470000 - 0x00007ffdf7484000 	C:\WINDOWS\SYSTEM32\UMPDC.dll
0x00007ffdf63c0000 - 0x00007ffdf63db000 	C:\WINDOWS\SYSTEM32\kernel.appcore.dll
0x00007ffdd4610000 - 0x00007ffdd461a000 	c:\Users\velos\.vscode\extensions\redhat.java-1.50.0-win32-x64\jre\21.0.9-win32-x86_64\bin\jimage.dll
0x00007ffdf4670000 - 0x00007ffdf48b2000 	C:\WINDOWS\SYSTEM32\DBGHELP.DLL
0x00007ffdf9460000 - 0x00007ffdf97eb000 	C:\WINDOWS\System32\combase.dll
0x00007ffdf97f0000 - 0x00007ffdf98c7000 	C:\WINDOWS\System32\OLEAUT32.dll
0x00007ffdd1e40000 - 0x00007ffdd1e7c000 	C:\WINDOWS\SYSTEM32\dbgcore.DLL
0x00007ffdf7630000 - 0x00007ffdf76d5000 	C:\WINDOWS\System32\bcryptPrimitives.dll
0x00007ffdc7e80000 - 0x00007ffdc7e8f000 	c:\Users\velos\.vscode\extensions\redhat.java-1.50.0-win32-x64\jre\21.0.9-win32-x86_64\bin\instrument.dll
0x00007ffdc7b80000 - 0x00007ffdc7ba0000 	c:\Users\velos\.vscode\extensions\redhat.java-1.50.0-win32-x64\jre\21.0.9-win32-x86_64\bin\java.dll
0x00007ffdf8cf0000 - 0x00007ffdf943f000 	C:\WINDOWS\System32\SHELL32.dll
0x00007ffdf7d90000 - 0x00007ffdf7efb000 	C:\WINDOWS\System32\wintypes.dll
0x00007ffdf5230000 - 0x00007ffdf5a8d000 	C:\WINDOWS\SYSTEM32\windows.storage.dll
0x00007ffdf9c10000 - 0x00007ffdf9d02000 	C:\WINDOWS\System32\SHCORE.dll
0x00007ffdf8bf0000 - 0x00007ffdf8c57000 	C:\WINDOWS\System32\shlwapi.dll
0x00007ffdf7550000 - 0x00007ffdf7579000 	C:\WINDOWS\SYSTEM32\profapi.dll
0x00007ffdc5960000 - 0x00007ffdc5978000 	c:\Users\velos\.vscode\extensions\redhat.java-1.50.0-win32-x64\jre\21.0.9-win32-x86_64\bin\zip.dll
0x00007ffdc3b20000 - 0x00007ffdc3b30000 	C:\Users\velos\.vscode\extensions\redhat.java-1.50.0-win32-x64\jre\21.0.9-win32-x86_64\bin\net.dll
0x00007ffdead30000 - 0x00007ffdeae58000 	C:\WINDOWS\SYSTEM32\WINHTTP.dll
0x00007ffdf6960000 - 0x00007ffdf69cb000 	C:\WINDOWS\system32\mswsock.dll
0x00007ffdc3b00000 - 0x00007ffdc3b16000 	C:\Users\velos\.vscode\extensions\redhat.java-1.50.0-win32-x64\jre\21.0.9-win32-x86_64\bin\nio.dll
0x00007ffdc3a10000 - 0x00007ffdc3a20000 	c:\Users\velos\.vscode\extensions\redhat.java-1.50.0-win32-x64\jre\21.0.9-win32-x86_64\bin\verify.dll
0x00007ffdc1750000 - 0x00007ffdc1794000 	C:\Users\velos\AppData\Roaming\Code\User\globalStorage\redhat.java\1.50.0\config_win\org.eclipse.equinox.launcher\org.eclipse.equinox.launcher.win32.win32.x86_64_1.2.1400.v20250801-0854\eclipse_11916.dll
0x00007ffdf8550000 - 0x00007ffdf86e7000 	C:\WINDOWS\System32\ole32.dll
0x00007ffdf6c20000 - 0x00007ffdf6c3b000 	C:\WINDOWS\SYSTEM32\CRYPTSP.dll
0x00007ffdf6320000 - 0x00007ffdf635a000 	C:\WINDOWS\system32\rsaenh.dll
0x00007ffdf6a10000 - 0x00007ffdf6a3b000 	C:\WINDOWS\SYSTEM32\USERENV.dll
0x00007ffdf7520000 - 0x00007ffdf754a000 	C:\WINDOWS\SYSTEM32\bcrypt.dll
0x00007ffdf6c40000 - 0x00007ffdf6c4c000 	C:\WINDOWS\SYSTEM32\CRYPTBASE.dll
0x00007ffdf5da0000 - 0x00007ffdf5dd4000 	C:\WINDOWS\SYSTEM32\IPHLPAPI.DLL
0x00007ffdf9450000 - 0x00007ffdf945a000 	C:\WINDOWS\System32\NSI.dll
0x00007ffd9fad0000 - 0x00007ffd9fb19000 	C:\Users\velos\AppData\Local\Temp\jna-112091713\jna2905681900193441117.dll
0x00007ffdf9950000 - 0x00007ffdf9958000 	C:\WINDOWS\System32\PSAPI.DLL
0x00007ffdeb230000 - 0x00007ffdeb24e000 	C:\WINDOWS\SYSTEM32\dhcpcsvc6.DLL
0x00007ffdeae90000 - 0x00007ffdeaeb3000 	C:\WINDOWS\SYSTEM32\dhcpcsvc.DLL

JVMTI agents:
c:\Users\velos\.vscode\extensions\redhat.java-1.50.0-win32-x64\lombok\lombok-1.18.39-4050.jar path:c:\Users\velos\.vscode\extensions\redhat.java-1.50.0-win32-x64\jre\21.0.9-win32-x86_64\bin\instrument.dll, loaded, initialized, instrumentlib options:none

dbghelp: loaded successfully - version: 4.0.5 - missing functions: none
symbol engine: initialized successfully - sym options: 0x614 - pdb path: .;c:\Users\velos\.vscode\extensions\redhat.java-1.50.0-win32-x64\jre\21.0.9-win32-x86_64\bin;C:\WINDOWS\SYSTEM32;C:\WINDOWS\WinSxS\amd64_microsoft.windows.common-controls_6595b64144ccf1df_6.0.26100.7019_none_3e06ffa0e335b8a8;c:\Users\velos\.vscode\extensions\redhat.java-1.50.0-win32-x64\jre\21.0.9-win32-x86_64\bin\server;C:\Users\velos\AppData\Roaming\Code\User\globalStorage\redhat.java\1.50.0\config_win\org.eclipse.equinox.launcher\org.eclipse.equinox.launcher.win32.win32.x86_64_1.2.1400.v20250801-0854;C:\Users\velos\AppData\Local\Temp\jna-112091713

VM Arguments:
jvm_args: --add-modules=ALL-SYSTEM --add-opens=java.base/java.util=ALL-UNNAMED --add-opens=java.base/java.lang=ALL-UNNAMED --add-opens=java.base/sun.nio.fs=ALL-UNNAMED -Declipse.application=org.eclipse.jdt.ls.core.id1 -Dosgi.bundles.defaultStartLevel=4 -Declipse.product=org.eclipse.jdt.ls.core.product -Djava.import.generatesMetadataFilesAtProjectRoot=false -DDetectVMInstallationsJob.disabled=true -Dfile.encoding=utf8 -XX:+UseParallelGC -XX:GCTimeRatio=4 -XX:AdaptiveSizePolicyWeight=90 -Dsun.zip.disableMemoryMapping=true -Xmx2G -Xms100m -Xlog:disable -javaagent:c:\Users\velos\.vscode\extensions\redhat.java-1.50.0-win32-x64\lombok\lombok-1.18.39-4050.jar -XX:+HeapDumpOnOutOfMemoryError -XX:HeapDumpPath=c:\Users\velos\AppData\Roaming\Code\User\workspaceStorage\f804f3307e7606a2927c419e1c4886b1\redhat.java -Daether.dependencyCollector.impl=bf 
java_command: c:\Users\velos\.vscode\extensions\redhat.java-1.50.0-win32-x64\server\plugins\org.eclipse.equinox.launcher_1.7.100.v20251111-0406.jar -configuration c:\Users\velos\AppData\Roaming\Code\User\globalStorage\redhat.java\1.50.0\config_win -data c:\Users\velos\AppData\Roaming\Code\User\workspaceStorage\f804f3307e7606a2927c419e1c4886b1\redhat.java\jdt_ws --pipe=\\.\pipe\lsp-8123aada3161c628d40f4457a459e290-sock
java_class_path (initial): c:\Users\velos\.vscode\extensions\redhat.java-1.50.0-win32-x64\server\plugins\org.eclipse.equinox.launcher_1.7.100.v20251111-0406.jar
Launcher Type: SUN_STANDARD

[Global flags]
    uintx AdaptiveSizePolicyWeight                 = 90                                        {product} {command line}
     intx CICompilerCount                          = 4                                         {product} {ergonomic}
    uintx GCTimeRatio                              = 4                                         {product} {command line}
     bool HeapDumpOnOutOfMemoryError               = true                                   {manageable} {command line}
    ccstr HeapDumpPath                             = c:\Users\velos\AppData\Roaming\Code\User\workspaceStorage\f804f3307e7606a2927c419e1c4886b1\redhat.java         {manageable} {command line}
   size_t InitialHeapSize                          = 104857600                                 {product} {command line}
   size_t MaxHeapSize                              = 2147483648                                {product} {command line}
   size_t MaxNewSize                               = 715653120                                 {product} {ergonomic}
   size_t MinHeapDeltaBytes                        = 524288                                    {product} {ergonomic}
   size_t MinHeapSize                              = 104857600                                 {product} {command line}
   size_t NewSize                                  = 34603008                                  {product} {ergonomic}
    uintx NonNMethodCodeHeapSize                   = 5839372                                {pd product} {ergonomic}
    uintx NonProfiledCodeHeapSize                  = 122909434                              {pd product} {ergonomic}
   size_t OldSize                                  = 70254592                                  {product} {ergonomic}
    uintx ProfiledCodeHeapSize                     = 122909434                              {pd product} {ergonomic}
    uintx ReservedCodeCacheSize                    = 251658240                              {pd product} {ergonomic}
     bool SegmentedCodeCache                       = true                                      {product} {ergonomic}
   size_t SoftMaxHeapSize                          = 2147483648                             {manageable} {ergonomic}
     bool UseCompressedOops                        = true                           {product lp64_product} {ergonomic}
     bool UseLargePagesIndividualAllocation        = false                                  {pd product} {ergonomic}
     bool UseParallelGC                            = true                                      {product} {command line}

Logging:
Log output configuration:
 #0: stdout all=off uptime,level,tags foldmultilines=false
 #1: stderr all=off uptime,level,tags foldmultilines=false

Release file:
JAVA_VERSION="21.0.9" 
MODULES="java.base java.compiler java.datatransfer java.xml java.prefs java.desktop java.instrument java.logging java.management java.security.sasl java.naming java.rmi java.management.rmi java.net.http java.scripting java.security.jgss java.transaction.xa java.sql java.sql.rowset java.xml.crypto java.se java.smartcardio jdk.accessibility jdk.internal.jvmstat jdk.attach jdk.charsets jdk.internal.opt jdk.zipfs jdk.compiler jdk.crypto.ec jdk.crypto.cryptoki jdk.crypto.mscapi jdk.dynalink jdk.internal.ed jdk.editpad jdk.hotspot.agent jdk.httpserver jdk.internal.le jdk.internal.vm.ci jdk.internal.vm.compiler jdk.internal.vm.compiler.management jdk.jartool jdk.javadoc jdk.jcmd jdk.management jdk.management.agent jdk.jconsole jdk.jdeps jdk.jdwp.agent jdk.jdi jdk.jfr jdk.jshell jdk.jsobject jdk.jstatd jdk.localedata jdk.management.jfr jdk.naming.dns jdk.naming.rmi jdk.net jdk.nio.mapmode jdk.random jdk.sctp jdk.security.auth jdk.security.jgss jdk.unsupported jdk.unsupported.desktop jdk.xml.dom" 

Environment Variables:
JAVA_HOME=D:\Java kit
PATH=C:\Program Files\Eclipse Adoptium\jdk-25.0.1.8-hotspot\bin;C:\Python313\Scripts\;C:\Python313\;C:\Program Files\Common Files\Oracle\Java\javapath;C:\Windows\system32;C:\Windows;C:\Windows\System32\Wbem;C:\Windows\System32\WindowsPowerShell\v1.0\;C:\Windows\System32\OpenSSH\;C:\Program Files (x86)\NVIDIA Corporation\PhysX\Common;C:\WINDOWS\system32;C:\WINDOWS;C:\WINDOWS\System32\Wbem;C:\WINDOWS\System32\WindowsPowerShell\v1.0\;C:\WINDOWS\System32\OpenSSH\;C:\ProgramData\chocolatey\bin;D:\Cursor Ai\cursor\resources\app\bin;D:\Node.js\;C:\Program Files\Git\cmd;C:\Program Files (x86)\Yarn\bin\;C:\Users\velos\Downloads\apache-maven-3.9.11-bin\apache-maven-3.9.11\bin;C:\Users\velos\AppData\Local\Microsoft\WindowsApps;D:\IDE\Microsoft VS Code\bin;C:\Users\velos\AppData\Local\GitHubDesktop\bin;D:\Java Editor\IntelliJ IDEA Community Edition 2025.2\bin;C:\Users\velos\AppData\Roaming\npm;C:\Users\velos\AppData\Local\Yarn\bin
USERNAME=velos
OS=Windows_NT
PROCESSOR_IDENTIFIER=Intel64 Family 6 Model 165 Stepping 2, GenuineIntel
TMP=C:\Users\velos\AppData\Local\Temp
TEMP=C:\Users\velos\AppData\Local\Temp




Periodic native trim disabled

---------------  S Y S T E M  ---------------

OS:
 Windows 11 , 64 bit Build 26100 (10.0.26100.7019)
OS uptime: 0 days 0:11 hours
Hyper-V role detected

CPU: total 8 (initial active 8) (4 cores per cpu, 2 threads per core) family 6 model 165 stepping 2 microcode 0xe0, cx8, cmov, fxsr, ht, mmx, 3dnowpref, sse, sse2, sse3, ssse3, sse4.1, sse4.2, popcnt, lzcnt, tsc, tscinvbit, avx, avx2, aes, erms, clmul, bmi1, bmi2, adx, fma, vzeroupper, clflush, clflushopt, hv, rdtscp, f16c
Processor Information for the first 8 processors :
  Max Mhz: 2496, Current Mhz: 1996, Mhz Limit: 2496

Memory: 4k page, system-wide physical 8023M (673M free)
TotalPageFile size 10071M (AvailPageFile size 5M)
current process WorkingSet (physical memory assigned to process): 239M, peak: 314M
current process commit charge ("private bytes"): 337M, peak: 403M

vm_info: OpenJDK 64-Bit Server VM (21.0.9+10-LTS) for windows-amd64 JRE (21.0.9+10-LTS), built on 2025-10-21T00:00:00Z by "admin" with unknown MS VC++:1942

END.
